<?xml version="1.0" encoding="UTF-8"?>
<testsuite xmlns:xsi="http://www.w3.org/2001/XMLSchema-instance" xsi:noNamespaceSchemaLocation="https://maven.apache.org/surefire/maven-surefire-plugin/xsd/surefire-test-report.xsd" name="com.example.webfluxdemo.WebfluxDemoApplicationTests" time="278.856" tests="5" errors="0" skipped="0" failures="0">
  <properties>
[...]
</properties>
  <testcase name="testDeleteTweet" classname="com.example.webfluxdemo.WebfluxDemoApplicationTests" time="0.502"/>
  <testcase name="testUpdateTweet" classname="com.example.webfluxdemo.WebfluxDemoApplicationTests" time="0.32"/>
  <testcase name="testCreateTweet" classname="com.example.webfluxdemo.WebfluxDemoApplicationTests" time="0.013"/>
  <testcase name="testGetAllTweets" classname="com.example.webfluxdemo.WebfluxDemoApplicationTests" time="0.025"/>
  <testcase name="testGetSingleTweet" classname="com.example.webfluxdemo.WebfluxDemoApplicationTests" time="0.082"/>
</testsuite>